[PLAID ERROR] {"unixtime":1744153799,"error":true,"message":"Error - Authorization Error"}
[PLAID ERROR] {"unixtime":1744154248,"error":true,"message":"Error - Authorization Error"}
[PLAID ERROR] {"unixtime":1744154568,"error":true,"message":"Error - Authorization Error"}
[HEADER DEBUG] Content-type: application/x-www-form-urlencoded
Authorization: Bearer tO7FhdtPBXy7UyCvrL0q4eq8xFC7qhmd
[PLAID ERROR] {"unixtime":1744154748,"error":true,"message":"Error - Authorization Error"}
[DOB ERROR] Invalid format: 1995-09-05
[PHONE ERROR] Invalid phone: +16463510003
[HEADER DEBUG] Content-type: application/x-www-form-urlencoded
Authorization: Bearer tO7FhdtPBXy7UyCvrL0q4eq8xFC7qhmd
[PLAID ERROR] {"unixtime":1744232306,"error":true,"message":"Error - Authorization Error"}
[HEADER DEBUG] Content-type: application/x-www-form-urlencoded
Authorization: tO7FhdtPBXy7UyCvrL0q4eq8xFC7qhmd
[PLAID ERROR] {"unixtime":1744232917,"error":true,"message":"Error - Missing Required POST Field ","info":"DOB"}
[HEADER DEBUG] Content-type: application/x-www-form-urlencoded
Authorization: Bearer tO7FhdtPBXy7UyCvrL0q4eq8xFC7qhmd
[PLAID ERROR] {"unixtime":1744233157,"error":true,"message":"Error - Authorization Error"}
[HEADER DEBUG] Content-type: application/x-www-form-urlencoded
Authorization: tO7FhdtPBXy7UyCvrL0q4eq8xFC7qhmd
[HEADER DEBUG] Content-type: application/x-www-form-urlencoded
Authorization: tO7FhdtPBXy7UyCvrL0q4eq8xFC7qhmd
[HEADER DEBUG] Content-type: application/x-www-form-urlencoded
Authorization: tO7FhdtPBXy7UyCvrL0q4eq8xFC7qhmd
[HEADER DEBUG] Content-type: application/x-www-form-urlencoded
Authorization: tO7FhdtPBXy7UyCvrL0q4eq8xFC7qhmd
[HEADER DEBUG] Content-type: application/x-www-form-urlencoded
Authorization: tO7FhdtPBXy7UyCvrL0q4eq8xFC7qhmd
[MAIL SUCCESS] Sent to info@fusionbyte.io at 2025-04-09 22:03:37
[MAIL SUCCESS] Sent to info@fusionbyte.io at 2025-04-09 22:15:12
[PLAID ERROR] {"unixtime":1744294096,"error":true,"message":"Error - Submitted variable does not match documented formatting.","info":"zip"}
[MAIL SUCCESS] Sent to jaspreet.singh@fusionbyte.io at 2025-04-10 14:14:48
[PLAID ERROR] {"unixtime":1744404186,"error":true,"message":"DUPLICATE - SF Preping Rejected","info":"SF PREPING DUPLICATE"}
[PLAID ERROR] {"unixtime":1744404210,"error":true,"message":"DUPLICATE - SF Preping Rejected","info":"SF PREPING DUPLICATE"}
[MAIL SUCCESS] Sent to jaspreet.singh@fusionbyte.io at 2025-04-11 21:12:05
[MAIL SUCCESS] Sent to michael.b@thelegalleads.com at 2025-04-11 21:16:39
[MAIL SUCCESS] Sent to evadorsey1980@gmail.com at 2025-04-23 16:32:26
[MAIL SUCCESS] Sent to 1926hilldanieldh@gmail.com at 2025-04-23 19:27:21
[PLAID ERROR] {"unixtime":1745445988,"error":true,"message":"DUPLICATE - SF Preping Rejected","info":"SF PREPING DUPLICATE"}
[PLAID ERROR] {"unixtime":1745446089,"error":true,"message":"DUPLICATE - SF Preping Rejected","info":"SF PREPING DUPLICATE"}
[PLAID ERROR] {"unixtime":1745446163,"error":true,"message":"DUPLICATE - SF Preping Rejected","info":"SF PREPING DUPLICATE"}
[PLAID ERROR] {"unixtime":1745446243,"error":true,"message":"DUPLICATE - SF Preping Rejected","info":"SF PREPING DUPLICATE"}
[PLAID ERROR] {"unixtime":1745446299,"error":true,"message":"DUPLICATE - SF Preping Rejected","info":"SF PREPING DUPLICATE"}
[PLAID ERROR] {"unixtime":1745446346,"error":true,"message":"DUPLICATE - SF Preping Rejected","info":"SF PREPING DUPLICATE"}
[PLAID ERROR] {"unixtime":1745446484,"error":true,"message":"DUPLICATE - SF Preping Rejected","info":"SF PREPING DUPLICATE"}
[PLAID ERROR] {"unixtime":1745446592,"error":true,"message":"DUPLICATE - SF Preping Rejected","info":"SF PREPING DUPLICATE"}
[MAIL SUCCESS] Sent to jaspreet.singh@fusionbyte.io at 2025-04-23 22:19:08
[MAIL SUCCESS] Sent to vmsitton@yahoo.com at 2025-04-23 22:32:54
[MAIL SUCCESS] Sent to vmsitton@yahoo.com at 2025-04-23 22:42:16
[MAIL SUCCESS] Sent to vmsitton@yahoo.com at 2025-04-23 22:42:20
[MAIL SUCCESS] Sent to vmsitton@yahoo.com at 2025-04-23 22:42:24
[MAIL SUCCESS] Sent to vmsitton@yahoo.com at 2025-04-23 22:42:28
[MAIL SUCCESS] Sent to 1926hilldanieldh@gmail.com at 2025-04-24 21:52:53
[MAIL SUCCESS] Sent to 1926hilldanieldh@gmail.com at 2025-04-24 21:52:57
[MAIL SUCCESS] Sent to 1926hilldanieldh@gmail.com at 2025-04-25 20:03:08
[MAIL SUCCESS] Sent to 1926hilldanieldh@gmail.com at 2025-04-25 20:03:12
[MAIL SUCCESS] Sent to 1926hilldanieldh@gmail.com at 2025-04-25 20:03:16
[MAIL SUCCESS] Sent to 1926hilldanieldh@gmail.com at 2025-04-25 20:03:20
[MAIL SUCCESS] Sent to 1926hilldanieldh@gmail.com at 2025-04-25 20:03:24
[MAIL SUCCESS] Sent to 1926hilldanieldh@gmail.com at 2025-04-25 20:03:28
[MAIL SUCCESS] Sent to 1926hilldanieldh@gmail.com at 2025-04-25 20:03:32
[MAIL SUCCESS] Sent to 1926hilldanieldh@gmail.com at 2025-04-25 20:03:36
[MAIL SUCCESS] Sent to 1926hilldanieldh@gmail.com at 2025-04-25 20:03:40
[MAIL SUCCESS] Sent to 1926hilldanieldh@gmail.com at 2025-04-25 20:03:44
[MAIL SUCCESS] Sent to 1926hilldanieldh@gmail.com at 2025-04-25 20:03:48
[MAIL SUCCESS] Sent to 1926hilldanieldh@gmail.com at 2025-04-25 20:03:52
[MAIL SUCCESS] Sent to 1926hilldanieldh@gmail.com at 2025-04-25 20:03:56
[MAIL SUCCESS] Sent to 1926hilldanieldh@gmail.com at 2025-04-25 20:04:00
[MAIL SUCCESS] Sent to 1926hilldanieldh@gmail.com at 2025-04-25 20:04:04
[MAIL SUCCESS] Sent to 1926hilldanieldh@gmail.com at 2025-04-25 20:04:07
[MAIL SUCCESS] Sent to 1926hilldanieldh@gmail.com at 2025-04-25 20:04:11
[MAIL SUCCESS] Sent to 1926hilldanieldh@gmail.com at 2025-04-25 20:04:15
[MAIL SUCCESS] Sent to 1926hilldanieldh@gmail.com at 2025-04-25 20:04:19
[MAIL SUCCESS] Sent to 1926hilldanieldh@gmail.com at 2025-04-25 20:04:23
[MAIL SUCCESS] Sent to 1926hilldanieldh@gmail.com at 2025-04-25 20:04:27
[MAIL SUCCESS] Sent to 1926hilldanieldh@gmail.com at 2025-04-25 20:04:32
[MAIL SUCCESS] Sent to 1926hilldanieldh@gmail.com at 2025-04-25 20:04:35
[MAIL SUCCESS] Sent to 1926hilldanieldh@gmail.com at 2025-04-25 20:04:39
[MAIL SUCCESS] Sent to 1926hilldanieldh@gmail.com at 2025-04-25 20:04:43
[MAIL SUCCESS] Sent to 1926hilldanieldh@gmail.com at 2025-04-25 20:04:46
[MAIL SUCCESS] Sent to 1926hilldanieldh@gmail.com at 2025-04-25 20:04:50
[MAIL SUCCESS] Sent to 1926hilldanieldh@gmail.com at 2025-04-25 20:04:54
[MAIL SUCCESS] Sent to 1926hilldanieldh@gmail.com at 2025-04-25 20:04:57
[MAIL SUCCESS] Sent to 1926hilldanieldh@gmail.com at 2025-04-25 20:05:02
[MAIL SUCCESS] Sent to 1926hilldanieldh@gmail.com at 2025-04-25 20:05:05
[MAIL SUCCESS] Sent to 1926hilldanieldh@gmail.com at 2025-04-25 20:05:09
[MAIL SUCCESS] Sent to 1926hilldanieldh@gmail.com at 2025-04-25 20:05:13
[MAIL SUCCESS] Sent to 1926hilldanieldh@gmail.com at 2025-04-25 20:05:17
[MAIL SUCCESS] Sent to 1926hilldanieldh@gmail.com at 2025-04-25 20:05:20
[MAIL SUCCESS] Sent to 1926hilldanieldh@gmail.com at 2025-04-25 20:05:27
[MAIL SUCCESS] Sent to 1926hilldanieldh@gmail.com at 2025-04-25 20:05:36
[MAIL SUCCESS] Sent to 1926hilldanieldh@gmail.com at 2025-04-25 20:05:41
[MAIL SUCCESS] Sent to 1926hilldanieldh@gmail.com at 2025-04-25 20:05:45
[MAIL SUCCESS] Sent to 1926hilldanieldh@gmail.com at 2025-04-25 20:05:48
[MAIL SUCCESS] Sent to 1926hilldanieldh@gmail.com at 2025-04-25 20:05:52
[MAIL SUCCESS] Sent to 1926hilldanieldh@gmail.com at 2025-04-25 20:05:56
[MAIL SUCCESS] Sent to 1926hilldanieldh@gmail.com at 2025-04-25 20:06:00
[MAIL SUCCESS] Sent to 1926hilldanieldh@gmail.com at 2025-04-25 20:06:04
[MAIL SUCCESS] Sent to 1926hilldanieldh@gmail.com at 2025-04-25 20:06:09
[MAIL SUCCESS] Sent to 1926hilldanieldh@gmail.com at 2025-04-25 20:06:12
[MAIL SUCCESS] Sent to 1926hilldanieldh@gmail.com at 2025-04-25 20:06:16
[MAIL SUCCESS] Sent to 1926hilldanieldh@gmail.com at 2025-04-25 20:06:20
[PLAID ERROR] {"unixtime":1745619498,"error":true,"message":"Error - Submitted variable does not match documented formatting.","info":"first_name"}
[MAIL SUCCESS] Sent to 1926hilldanieldh@gmail.com at 2025-04-25 22:19:51
[MAIL SUCCESS] Sent to 1926hilldanieldh@gmail.com at 2025-04-25 22:19:56
[MAIL SUCCESS] Sent to 1926hilldanieldh@gmail.com at 2025-04-25 22:20:00
[MAIL SUCCESS] Sent to 1926hilldanieldh@gmail.com at 2025-04-25 22:20:04
[MAIL SUCCESS] Sent to 1926hilldanieldh@gmail.com at 2025-04-25 22:20:08
[MAIL SUCCESS] Sent to 1926hilldanieldh@gmail.com at 2025-04-25 22:20:12
[MAIL SUCCESS] Sent to 1926hilldanieldh@gmail.com at 2025-04-25 22:20:16
[MAIL SUCCESS] Sent to 1926hilldanieldh@gmail.com at 2025-04-25 22:20:20
[MAIL SUCCESS] Sent to 1926hilldanieldh@gmail.com at 2025-04-25 22:20:23
[MAIL SUCCESS] Sent to 1926hilldanieldh@gmail.com at 2025-04-25 22:20:27
[MAIL SUCCESS] Sent to 1926hilldanieldh@gmail.com at 2025-04-25 22:20:31
[MAIL SUCCESS] Sent to 1926hilldanieldh@gmail.com at 2025-04-25 22:20:35
[MAIL SUCCESS] Sent to 1926hilldanieldh@gmail.com at 2025-04-25 22:20:39
[MAIL SUCCESS] Sent to 1926hilldanieldh@gmail.com at 2025-04-25 22:20:43
[MAIL SUCCESS] Sent to 1926hilldanieldh@gmail.com at 2025-04-25 22:20:46
[MAIL SUCCESS] Sent to 1926hilldanieldh@gmail.com at 2025-04-25 22:20:50
[MAIL SUCCESS] Sent to 1926hilldanieldh@gmail.com at 2025-04-25 22:20:54
[MAIL SUCCESS] Sent to 1926hilldanieldh@gmail.com at 2025-04-25 22:20:58
[MAIL SUCCESS] Sent to 1926hilldanieldh@gmail.com at 2025-04-25 22:21:02
[MAIL SUCCESS] Sent to 1926hilldanieldh@gmail.com at 2025-04-25 22:21:05
[MAIL SUCCESS] Sent to 1926hilldanieldh@gmail.com at 2025-04-25 22:21:10
[MAIL SUCCESS] Sent to 1926hilldanieldh@gmail.com at 2025-04-25 22:31:33
[PLAID ERROR] {"unixtime":1745866725,"error":true,"message":"DUPLICATE - SF Preping Rejected","info":"SF PREPING DUPLICATE"}
[PLAID ERROR] {"unixtime":1745866823,"error":true,"message":"DUPLICATE - SF Preping Rejected","info":"SF PREPING DUPLICATE"}
[MAIL SUCCESS] Sent to 1926hilldanieldh@gmail.com at 2025-04-28 21:10:30
[MAIL SUCCESS] Sent to 1926hilldanieldh@gmail.com at 2025-04-29 15:11:52
[MAIL SUCCESS] Sent to 1926hilldanieldh@gmail.com at 2025-04-29 15:13:41
[MAIL SUCCESS] Sent to 1926hilldanieldh@gmail.com at 2025-04-29 15:13:46
[MAIL SUCCESS] Sent to 1926hilldanieldh@gmail.com at 2025-04-29 15:13:50
[MAIL SUCCESS] Sent to 1926hilldanieldh@gmail.com at 2025-04-29 15:13:54
[MAIL SUCCESS] Sent to 1926hilldanieldh@gmail.com at 2025-04-29 15:18:28
[MAIL SUCCESS] Sent to mschelle531@gmail.com at 2025-04-29 16:16:40
[MAIL SUCCESS] Sent to WilliamsShonda53@gmail.com at 2025-04-29 19:27:28
[MAIL SUCCESS] Sent to WilliamsShonda53@gmail.com at 2025-04-29 19:27:32
[MAIL SUCCESS] Sent to WilliamsShonda53@gmail.com at 2025-04-29 19:27:36
[MAIL SUCCESS] Sent to WilliamsShonda53@gmail.com at 2025-04-29 19:27:40
[MAIL SUCCESS] Sent to WilliamsShonda53@gmail.com at 2025-04-29 19:27:44
[MAIL SUCCESS] Sent to WilliamsShonda53@gmail.com at 2025-04-29 19:27:47
[MAIL SUCCESS] Sent to WilliamsShonda53@gmail.com at 2025-04-29 19:27:51
[MAIL SUCCESS] Sent to WilliamsShonda53@gmail.com at 2025-04-29 19:27:55
[MAIL SUCCESS] Sent to WilliamsShonda53@gmail.com at 2025-04-29 19:27:59
[MAIL SUCCESS] Sent to WilliamsShonda53@gmail.com at 2025-04-29 19:28:03
[MAIL SUCCESS] Sent to WilliamsShonda53@gmail.com at 2025-04-29 19:28:06
[MAIL SUCCESS] Sent to WilliamsShonda53@gmail.com at 2025-04-29 19:28:10
[MAIL SUCCESS] Sent to WilliamsShonda53@gmail.com at 2025-04-29 19:28:14
[MAIL SUCCESS] Sent to WilliamsShonda53@gmail.com at 2025-04-29 19:28:17
[MAIL SUCCESS] Sent to WilliamsShonda53@gmail.com at 2025-04-29 19:28:22
[MAIL SUCCESS] Sent to WilliamsShonda53@gmail.com at 2025-04-29 19:28:26
[MAIL SUCCESS] Sent to WilliamsShonda53@gmail.com at 2025-04-29 19:28:30
[MAIL SUCCESS] Sent to WilliamsShonda53@gmail.com at 2025-04-29 19:28:34
[MAIL SUCCESS] Sent to WilliamsShonda53@gmail.com at 2025-04-29 19:28:37
[MAIL SUCCESS] Sent to WilliamsShonda53@gmail.com at 2025-04-29 19:28:41
[MAIL SUCCESS] Sent to WilliamsShonda53@gmail.com at 2025-04-29 19:28:45
[MAIL SUCCESS] Sent to WilliamsShonda53@gmail.com at 2025-04-29 19:28:49
[MAIL SUCCESS] Sent to WilliamsShonda53@gmail.com at 2025-04-29 19:28:53
[MAIL SUCCESS] Sent to WilliamsShonda53@gmail.com at 2025-04-29 19:28:56
[MAIL SUCCESS] Sent to WilliamsShonda53@gmail.com at 2025-04-29 19:29:00
[MAIL SUCCESS] Sent to WilliamsShonda53@gmail.com at 2025-04-29 19:29:04
[MAIL SUCCESS] Sent to WilliamsShonda53@gmail.com at 2025-04-29 19:29:08
[MAIL SUCCESS] Sent to WilliamsShonda53@gmail.com at 2025-04-29 19:29:12
[MAIL SUCCESS] Sent to WilliamsShonda53@gmail.com at 2025-04-29 19:29:17
[MAIL SUCCESS] Sent to WilliamsShonda53@gmail.com at 2025-04-29 19:29:20
[MAIL SUCCESS] Sent to WilliamsShonda53@gmail.com at 2025-04-29 19:29:24
[MAIL SUCCESS] Sent to WilliamsShonda53@gmail.com at 2025-04-29 19:29:28
[MAIL SUCCESS] Sent to WilliamsShonda53@gmail.com at 2025-04-29 19:29:31
[MAIL SUCCESS] Sent to WilliamsShonda53@gmail.com at 2025-04-29 19:29:35
[MAIL SUCCESS] Sent to WilliamsShonda53@gmail.com at 2025-04-29 19:29:39
[MAIL SUCCESS] Sent to WilliamsShonda53@gmail.com at 2025-04-29 19:29:43
[MAIL SUCCESS] Sent to WilliamsShonda53@gmail.com at 2025-04-29 19:29:46
[MAIL SUCCESS] Sent to WilliamsShonda53@gmail.com at 2025-04-29 19:29:50
[MAIL SUCCESS] Sent to WilliamsShonda53@gmail.com at 2025-04-29 19:29:54
[MAIL SUCCESS] Sent to WilliamsShonda53@gmail.com at 2025-04-29 19:29:58
[MAIL SUCCESS] Sent to WilliamsShonda53@gmail.com at 2025-04-29 19:30:02
[MAIL SUCCESS] Sent to WilliamsShonda53@gmail.com at 2025-04-29 19:30:06
[MAIL SUCCESS] Sent to WilliamsShonda53@gmail.com at 2025-04-29 19:30:10
[MAIL SUCCESS] Sent to WilliamsShonda53@gmail.com at 2025-04-29 19:30:14
[MAIL SUCCESS] Sent to WilliamsShonda53@gmail.com at 2025-04-29 19:30:17
[MAIL SUCCESS] Sent to WilliamsShonda53@gmail.com at 2025-04-29 19:30:21
[MAIL SUCCESS] Sent to WilliamsShonda53@gmail.com at 2025-04-29 19:30:25
[MAIL SUCCESS] Sent to WilliamsShonda53@gmail.com at 2025-04-29 19:30:29
[MAIL SUCCESS] Sent to WilliamsShonda53@gmail.com at 2025-04-29 19:30:33
[MAIL SUCCESS] Sent to WilliamsShonda53@gmail.com at 2025-04-29 19:30:37
[MAIL SUCCESS] Sent to WilliamsShonda53@gmail.com at 2025-04-29 19:30:41
[MAIL SUCCESS] Sent to WilliamsShonda53@gmail.com at 2025-04-29 19:30:53
[MAIL SUCCESS] Sent to WilliamsShonda53@gmail.com at 2025-04-29 19:31:08
[MAIL SUCCESS] Sent to WilliamsShonda53@gmail.com at 2025-04-29 19:31:21
[MAIL SUCCESS] Sent to breadmnk@gmail.com at 2025-04-30 21:39:43
[MAIL SUCCESS] Sent to chevelleboone@yahoo.com at 2025-05-01 16:17:07
[MAIL SUCCESS] Sent to chevelleboone@yahoo.com at 2025-05-01 16:17:11
[MAIL SUCCESS] Sent to chevelleboone@yahoo.com at 2025-05-01 16:17:15
[MAIL SUCCESS] Sent to stephanie24863@gmail.com at 2025-05-01 17:58:44
[MAIL SUCCESS] Sent to breadmnk@gmail.com at 2025-05-01 18:04:14
[MAIL SUCCESS] Sent to breadmnk@gmail.com at 2025-05-01 18:09:29
[MAIL SUCCESS] Sent to breadmk@gmail.com at 2025-05-01 18:13:22
[MAIL SUCCESS] Sent to breadmnk@gmail.com at 2025-05-01 18:15:49
[PLAID ERROR] {"unixtime":1746123804,"error":true,"message":"Error - Submitted variable does not match documented formatting.","info":"last_name"}
[PLAID ERROR] {"unixtime":1746123833,"error":true,"message":"Error - Submitted variable does not match documented formatting.","info":"last_name"}
[MAIL SUCCESS] Sent to breadmnk@gmail.com at 2025-05-01 18:24:58
[PLAID ERROR] {"unixtime":1746124484,"error":true,"message":"Error - Error intaking user.","info":{"body":"{\n  \"display_message\": null,\n  \"error_code\": \"INVALID_FIELD\",\n  \"error_message\": \"user.phone_number must be a valid phone number.\",\n  \"error_type\": \"INVALID_REQUEST\",\n  \"request_id\": \"c7JfR4Qep4Ea5Ci\",\n  \"suggested_action\": null\n}","code":400}}
[PLAID ERROR] {"unixtime":1746124529,"error":true,"message":"Error - Error intaking user.","info":{"body":"{\n  \"display_message\": null,\n  \"error_code\": \"INVALID_FIELD\",\n  \"error_message\": \"user.phone_number must be a valid phone number.\",\n  \"error_type\": \"INVALID_REQUEST\",\n  \"request_id\": \"RgY5B9n0F69azFw\",\n  \"suggested_action\": null\n}","code":400}}
[PLAID ERROR] {"unixtime":1746124577,"error":true,"message":"Error - Error intaking user.","info":{"body":"{\n  \"display_message\": null,\n  \"error_code\": \"INVALID_FIELD\",\n  \"error_message\": \"user.phone_number must be a valid phone number.\",\n  \"error_type\": \"INVALID_REQUEST\",\n  \"request_id\": \"lDoOu9GiG4oM08u\",\n  \"suggested_action\": null\n}","code":400}}
[PLAID ERROR] {"unixtime":1746125255,"error":true,"message":"Error - Error intaking user.","info":{"body":"{\n  \"display_message\": null,\n  \"error_code\": \"INVALID_FIELD\",\n  \"error_message\": \"user.phone_number must be a valid phone number.\",\n  \"error_type\": \"INVALID_REQUEST\",\n  \"request_id\": \"nfkrtXqlY5DDOrL\",\n  \"suggested_action\": null\n}","code":400}}
[PLAID ERROR] {"unixtime":1746126230,"error":true,"message":"Error - Error intaking user.","info":{"body":"{\n  \"display_message\": null,\n  \"error_code\": \"INVALID_FIELD\",\n  \"error_message\": \"user.phone_number must be a valid phone number.\",\n  \"error_type\": \"INVALID_REQUEST\",\n  \"request_id\": \"bTPerRHAPEij4hM\",\n  \"suggested_action\": null\n}","code":400}}
[PLAID ERROR] {"unixtime":1746126320,"error":true,"message":"Error - Error intaking user.","info":{"body":"{\n  \"display_message\": null,\n  \"error_code\": \"INVALID_FIELD\",\n  \"error_message\": \"user.phone_number must be a valid phone number.\",\n  \"error_type\": \"INVALID_REQUEST\",\n  \"request_id\": \"aVolwSC2vnm7zf1\",\n  \"suggested_action\": null\n}","code":400}}
[PLAID ERROR] {"unixtime":1746126322,"error":true,"message":"Error - Error intaking user.","info":{"body":"{\n  \"display_message\": null,\n  \"error_code\": \"INVALID_FIELD\",\n  \"error_message\": \"user.phone_number must be a valid phone number.\",\n  \"error_type\": \"INVALID_REQUEST\",\n  \"request_id\": \"lvB17kEXKdfgaCa\",\n  \"suggested_action\": null\n}","code":400}}
[MAIL SUCCESS] Sent to jbyrdles@gmail.com at 2025-05-02 16:16:22
[MAIL SUCCESS] Sent to capricia.harrison13@gmail.com at 2025-05-06 18:51:30
[PLAID ERROR] {"unixtime":1746832516,"error":true,"message":"DUPLICATE - SF Preping Rejected","info":"SF PREPING DUPLICATE"}
[PLAID ERROR] {"unixtime":1746832619,"error":true,"message":"DUPLICATE - SF Preping Rejected","info":"SF PREPING DUPLICATE"}
[PLAID ERROR] {"unixtime":1746832780,"error":true,"message":"DUPLICATE - SF Preping Rejected","info":"SF PREPING DUPLICATE"}
[MAIL SUCCESS] Sent to adcockmary1963@gmail.com at 2025-05-12 22:17:04
[MAIL SUCCESS] Sent to adcockmary1963@gmail.com at 2025-05-12 22:17:08
[MAIL SUCCESS] Sent to adcockmary1963@gmail.com at 2025-05-12 22:17:11
[MAIL SUCCESS] Sent to adcockmary1963@gmail.com at 2025-05-12 22:17:15
[MAIL SUCCESS] Sent to adcockmary1963@gmail.com at 2025-05-12 22:17:19
[MAIL SUCCESS] Sent to adcockmary1963@gmail.com at 2025-05-12 22:17:23
[MAIL SUCCESS] Sent to adcockmary1963@gmail.com at 2025-05-12 22:17:26
[MAIL SUCCESS] Sent to adcockmary1963@gmail.com at 2025-05-12 22:17:30
[MAIL SUCCESS] Sent to adcockmary1963@gmail.com at 2025-05-12 22:17:34
[MAIL SUCCESS] Sent to adcockmary1963@gmail.com at 2025-05-12 22:17:37
[MAIL SUCCESS] Sent to adcockmary1963@gmail.com at 2025-05-12 22:17:41
[MAIL SUCCESS] Sent to adcockmary1963@gmail.com at 2025-05-12 22:17:45
[MAIL SUCCESS] Sent to adcockmary1963@gmail.com at 2025-05-12 22:17:48
[MAIL SUCCESS] Sent to adcockmary1963@gmail.com at 2025-05-12 22:17:52
[MAIL SUCCESS] Sent to adcockmary1963@gmail.com at 2025-05-12 22:17:56
[MAIL SUCCESS] Sent to adcockmary1963@gmail.com at 2025-05-12 22:17:59
[MAIL SUCCESS] Sent to adcockmary1963@gmail.com at 2025-05-12 22:18:09
[MAIL SUCCESS] Sent to adcockmary1963@gmail.com at 2025-05-12 22:18:13
[MAIL SUCCESS] Sent to loraalexander916@gmail.com at 2025-05-12 22:18:17
[MAIL SUCCESS] Sent to loraalexander916@gmail.com at 2025-05-12 22:18:20
[MAIL SUCCESS] Sent to loraalexander916@gmail.com at 2025-05-12 22:18:24
[MAIL SUCCESS] Sent to loraalexander916@gmail.com at 2025-05-12 22:18:27
[MAIL SUCCESS] Sent to loraalexander916@gmail.com at 2025-05-12 22:18:31
[PLAID ERROR] {"unixtime":1747091064,"error":true,"message":"DUPLICATE - SF Preping Rejected","info":"SF PREPING DUPLICATE"}
[PLAID ERROR] {"unixtime":1747091122,"error":true,"message":"DUPLICATE - SF Preping Rejected","info":"SF PREPING DUPLICATE"}
[PLAID ERROR] {"unixtime":1747091286,"error":true,"message":"Error - Submitted variable does not match documented formatting.","info":"street"}
[PLAID ERROR] {"unixtime":1747093185,"error":true,"message":"DUPLICATE - SF Preping Rejected","info":"SF PREPING DUPLICATE"}
[PLAID ERROR] {"unixtime":1747096135,"error":true,"message":"Error - Submitted variable does not match documented formatting.","info":"street"}
[PLAID ERROR] {"unixtime":1747159895,"error":true,"message":"DUPLICATE - SF Preping Rejected","info":"SF PREPING DUPLICATE"}
[PLAID ERROR] {"unixtime":1747159962,"error":true,"message":"DUPLICATE - SF Preping Rejected","info":"SF PREPING DUPLICATE"}
[PLAID ERROR] {"unixtime":1747413197,"error":true,"message":"Error - Submitted variable does not match documented formatting.","info":"street"}
[PLAID ERROR] {"unixtime":1747413230,"error":true,"message":"Error - Submitted variable does not match documented formatting.","info":"street"}
[PLAID ERROR] {"unixtime":1747413271,"error":true,"message":"Error - Submitted variable does not match documented formatting.","info":"street"}
[PLAID ERROR] {"unixtime":1747413328,"error":true,"message":"Error - Submitted variable does not match documented formatting.","info":"street"}
[MAIL SUCCESS] Sent to chassitiethestripper@gmail.com at 2025-05-16 18:09:49
[MAIL SUCCESS] Sent to chassitiethestripper@gmail.com at 2025-05-16 18:09:52
[MAIL SUCCESS] Sent to chassitiethestripper@gmail.com at 2025-05-16 18:09:56
[MAIL SUCCESS] Sent to chassitiethestripper@gmail.com at 2025-05-16 18:10:00
[MAIL SUCCESS] Sent to chassitiethestripper@gmail.com at 2025-05-16 18:10:04
[MAIL SUCCESS] Sent to chassitiethestripper@gmail.com at 2025-05-16 18:10:08
[MAIL SUCCESS] Sent to chassitiethestripper@gmail.com at 2025-05-16 18:10:12
[MAIL SUCCESS] Sent to chassitiethestripper@gmail.com at 2025-05-16 18:10:15
[MAIL SUCCESS] Sent to chassitiethestripper@gmail.com at 2025-05-16 18:10:20
[MAIL SUCCESS] Sent to chassitiethestripper@gmail.com at 2025-05-16 18:10:23
[MAIL SUCCESS] Sent to chassitiethestripper@gmail.com at 2025-05-16 18:10:27
[MAIL SUCCESS] Sent to chassitiethestripper@gmail.com at 2025-05-16 18:10:32
[MAIL SUCCESS] Sent to chassitiethestripper@gmail.com at 2025-05-16 18:10:35
[MAIL SUCCESS] Sent to chassitiethestripper@gmail.com at 2025-05-16 18:10:39
[MAIL SUCCESS] Sent to chassitiethestripper@gmail.com at 2025-05-16 18:10:43
[MAIL SUCCESS] Sent to chassitiethestripper@gmail.com at 2025-05-16 18:10:46
[MAIL SUCCESS] Sent to chassitiethestripper@gmail.com at 2025-05-16 18:10:50
[MAIL SUCCESS] Sent to chassitiethestripper@gmail.com at 2025-05-16 18:10:53
[MAIL SUCCESS] Sent to chassitiethestripper@gmail.com at 2025-05-16 18:10:57
[MAIL SUCCESS] Sent to chassitiethestripper@gmail.com at 2025-05-16 18:11:01
[MAIL SUCCESS] Sent to chassitiethestripper@gmail.com at 2025-05-16 18:11:05
[MAIL SUCCESS] Sent to chassitiethestripper@gmail.com at 2025-05-16 18:11:09
[MAIL SUCCESS] Sent to chassitiethestripper@gmail.com at 2025-05-16 18:11:13
[MAIL SUCCESS] Sent to chassitiethestripper@gmail.com at 2025-05-16 18:11:17
[MAIL SUCCESS] Sent to chassitiethestripper@gmail.com at 2025-05-16 18:11:20
[MAIL SUCCESS] Sent to chassitiethestripper@gmail.com at 2025-05-16 18:11:24
[MAIL SUCCESS] Sent to chassitiethestripper@gmail.com at 2025-05-16 18:11:27
[MAIL SUCCESS] Sent to chassitiethestripper@gmail.com at 2025-05-16 18:11:31
[MAIL SUCCESS] Sent to chassitiethestripper@gmail.com at 2025-05-16 18:11:35
[MAIL SUCCESS] Sent to chassitiethestripper@gmail.com at 2025-05-16 18:11:38
[MAIL SUCCESS] Sent to chassitiethestripper@gmail.com at 2025-05-16 18:11:42
[MAIL SUCCESS] Sent to chassitiethestripper@gmail.com at 2025-05-16 18:11:46
[MAIL SUCCESS] Sent to chassitiethestripper@gmail.com at 2025-05-16 18:11:49
[MAIL SUCCESS] Sent to chassitiethestripper@gmail.com at 2025-05-16 18:11:53
[MAIL SUCCESS] Sent to chassitiethestripper@gmail.com at 2025-05-16 18:11:57
[MAIL SUCCESS] Sent to chassitiethestripper@gmail.com at 2025-05-16 18:12:06
[MAIL SUCCESS] Sent to chassitiethestripper@gmail.com at 2025-05-16 18:12:10
[MAIL SUCCESS] Sent to chassitiethestripper@gmail.com at 2025-05-16 18:12:14
[MAIL SUCCESS] Sent to chassitiethestripper@gmail.com at 2025-05-16 18:12:18
[MAIL SUCCESS] Sent to chassitiethestripper@gmail.com at 2025-05-16 18:12:22
[MAIL SUCCESS] Sent to chassitiethestripper@gmail.com at 2025-05-16 18:12:26
[MAIL SUCCESS] Sent to dolphinsdreams79@gmail.com at 2025-05-16 18:36:29
[MAIL SUCCESS] Sent to dolphinsdreams79@gmail.com at 2025-05-16 18:36:34
[PLAID ERROR] {"unixtime":1747420816,"error":true,"message":"DUPLICATE - SF Preping Rejected","info":"SF PREPING DUPLICATE"}
[PLAID ERROR] {"unixtime":1747420861,"error":true,"message":"DUPLICATE - SF Preping Rejected","info":"SF PREPING DUPLICATE"}
[PLAID ERROR] {"unixtime":1747421022,"error":true,"message":"DUPLICATE - SF Preping Rejected","info":"SF PREPING DUPLICATE"}
[PLAID ERROR] {"unixtime":1747686866,"error":true,"message":"Error - Submitted variable does not match documented formatting.","info":"street"}
[MAIL SUCCESS] Sent to chassitiethestripper@gmail.com at 2025-05-19 20:36:21
[MAIL SUCCESS] Sent to chassitiethestripper@gmail.com at 2025-05-19 20:36:24
[MAIL SUCCESS] Sent to chassitiethestripper@gmail.com at 2025-05-19 20:36:28
[MAIL SUCCESS] Sent to chassitiethestripper@gmail.com at 2025-05-19 20:36:33
[MAIL SUCCESS] Sent to chassitiethestripper@gmail.com at 2025-05-19 20:36:36
[MAIL SUCCESS] Sent to titiwanda1@gmail.com at 2025-05-21 22:08:28
[MAIL SUCCESS] Sent to titiwanda1@gmail.com at 2025-05-21 22:08:32
[MAIL SUCCESS] Sent to titiwanda1@gmail.com at 2025-05-21 22:08:36
[MAIL SUCCESS] Sent to clark.kadasia@yahoo.com at 2025-05-22 20:30:22
[MAIL SUCCESS] Sent to takaracook@yahoo.com at 2025-05-22 22:19:46
[PLAID ERROR] {"unixtime":1747953105,"error":true,"message":"Error - Error intaking user.","info":{"body":"{\n  \"display_message\": null,\n  \"error_code\": \"INVALID_FIELD\",\n  \"error_message\": \"user.phone_number must be a valid phone number.\",\n  \"error_type\": \"INVALID_REQUEST\",\n  \"request_id\": \"sQD5uqTeLLAgU0q\",\n  \"suggested_action\": null\n}","code":400}}
[PLAID ERROR] {"unixtime":1747953165,"error":true,"message":"DUPLICATE - SF Preping Rejected","info":"SF PREPING DUPLICATE"}
[MAIL SUCCESS] Sent to loraalexander916@gmail.com at 2025-05-23 20:43:19
[MAIL SUCCESS] Sent to scoopyr77@gmail.com at 2025-05-23 23:02:22
[MAIL SUCCESS] Sent to loraalexander916@gmail.com at 2025-05-23 23:18:01
[MAIL SUCCESS] Sent to loraalexander916@gmail.com at 2025-05-23 23:24:00
[MAIL SUCCESS] Sent to loraalexander916@gmail.com at 2025-05-23 23:24:05
[MAIL SUCCESS] Sent to loraalexander916@gmail.com at 2025-05-23 23:24:10
[MAIL SUCCESS] Sent to loraalexander916@gmail.com at 2025-05-23 23:24:14
[MAIL SUCCESS] Sent to loraalexander916@gmail.com at 2025-05-23 23:24:17
[MAIL SUCCESS] Sent to loraalexander916@gmail.com at 2025-05-23 23:24:22
[MAIL SUCCESS] Sent to loraalexander916@gmail.com at 2025-05-23 23:24:25
[MAIL SUCCESS] Sent to loraalexander916@gmail.com at 2025-05-23 23:24:29
[MAIL SUCCESS] Sent to loraalexander916@gmail.com at 2025-05-23 23:24:33
[MAIL SUCCESS] Sent to loraalexander916@gmail.com at 2025-05-23 23:24:38
[MAIL SUCCESS] Sent to loraalexander916@gmail.com at 2025-05-23 23:24:41
[MAIL SUCCESS] Sent to loraalexander916@gmail.com at 2025-05-23 23:24:46
[MAIL SUCCESS] Sent to loraalexander916@gmail.com at 2025-05-23 23:24:49
[MAIL SUCCESS] Sent to loraalexander916@gmail.com at 2025-05-23 23:24:53
[MAIL SUCCESS] Sent to loraalexander916@gmail.com at 2025-05-23 23:24:57
[MAIL SUCCESS] Sent to loraalexander916@gmail.com at 2025-05-23 23:25:02
[MAIL SUCCESS] Sent to loraalexander916@gmail.com at 2025-05-23 23:25:06
[MAIL SUCCESS] Sent to loraalexander916@gmail.com at 2025-05-23 23:25:09
[MAIL SUCCESS] Sent to loraalexander916@gmail.com at 2025-05-23 23:25:13
[MAIL SUCCESS] Sent to loraalexander916@gmail.com at 2025-05-23 23:25:16
[MAIL SUCCESS] Sent to loraalexander916@gmail.com at 2025-05-23 23:25:20
[MAIL SUCCESS] Sent to loraalexander916@gmail.com at 2025-05-23 23:25:23
[MAIL SUCCESS] Sent to loraalexander916@gmail.com at 2025-05-23 23:25:27
[MAIL SUCCESS] Sent to loraalexander916@gmail.com at 2025-05-23 23:25:31
[MAIL SUCCESS] Sent to loraalexander916@gmail.com at 2025-05-23 23:25:34
[MAIL SUCCESS] Sent to loraalexander916@gmail.com at 2025-05-23 23:25:38
[MAIL SUCCESS] Sent to loraalexander916@gmail.com at 2025-05-23 23:25:41
[MAIL SUCCESS] Sent to loraalexander916@gmail.com at 2025-05-23 23:25:44
[MAIL SUCCESS] Sent to loraalexander916@gmail.com at 2025-05-23 23:25:48
[MAIL SUCCESS] Sent to loraalexander916@gmail.com at 2025-05-23 23:25:51
[MAIL SUCCESS] Sent to loraalexander916@gmail.com at 2025-05-23 23:25:55
[MAIL SUCCESS] Sent to loraalexander916@gmail.com at 2025-05-23 23:25:58
[MAIL SUCCESS] Sent to loraalexander916@gmail.com at 2025-05-23 23:26:01
[MAIL SUCCESS] Sent to loraalexander916@gmail.com at 2025-05-23 23:26:05
[MAIL SUCCESS] Sent to loraalexander916@gmail.com at 2025-05-23 23:26:09
[MAIL SUCCESS] Sent to loraalexander916@gmail.com at 2025-05-23 23:26:12
[MAIL SUCCESS] Sent to loraalexander916@gmail.com at 2025-05-23 23:26:15
[MAIL SUCCESS] Sent to loraalexander916@gmail.com at 2025-05-23 23:26:19
[MAIL SUCCESS] Sent to loraalexander916@gmail.com at 2025-05-23 23:26:22
[MAIL SUCCESS] Sent to loraalexander916@gmail.com at 2025-05-23 23:26:26
[MAIL SUCCESS] Sent to loraalexander916@gmail.com at 2025-05-23 23:26:30
[MAIL SUCCESS] Sent to loraalexander916@gmail.com at 2025-05-23 23:26:34
[MAIL SUCCESS] Sent to loraalexander916@gmail.com at 2025-05-23 23:26:37
[MAIL SUCCESS] Sent to loraalexander916@gmail.com at 2025-05-23 23:26:41
[MAIL SUCCESS] Sent to loraalexander916@gmail.com at 2025-05-23 23:26:44
[MAIL SUCCESS] Sent to loraalexander916@gmail.com at 2025-05-23 23:26:48
[MAIL SUCCESS] Sent to loraalexander916@gmail.com at 2025-05-23 23:26:51
[MAIL SUCCESS] Sent to loraalexander916@gmail.com at 2025-05-23 23:26:55
[MAIL SUCCESS] Sent to loraalexander916@gmail.com at 2025-05-23 23:26:58
[MAIL SUCCESS] Sent to loraalexander916@gmail.com at 2025-05-23 23:27:02
[MAIL SUCCESS] Sent to loraalexander916@gmail.com at 2025-05-23 23:27:05
[MAIL SUCCESS] Sent to loraalexander916@gmail.com at 2025-05-23 23:27:08
[MAIL SUCCESS] Sent to loraalexander916@gmail.com at 2025-05-23 23:27:12
[MAIL SUCCESS] Sent to loraalexander916@gmail.com at 2025-05-23 23:27:15
[MAIL SUCCESS] Sent to loraalexander916@gmail.com at 2025-05-23 23:27:19
[MAIL SUCCESS] Sent to loraalexander916@gmail.com at 2025-05-23 23:27:22
[MAIL SUCCESS] Sent to loraalexander916@gmail.com at 2025-05-23 23:27:26
[MAIL SUCCESS] Sent to loraalexander916@gmail.com at 2025-05-23 23:27:30
[MAIL SUCCESS] Sent to loraalexander916@gmail.com at 2025-05-23 23:27:33
[MAIL SUCCESS] Sent to loraalexander916@gmail.com at 2025-05-23 23:27:36
[MAIL SUCCESS] Sent to loraalexander916@gmail.com at 2025-05-23 23:27:40
[MAIL SUCCESS] Sent to loraalexander916@gmail.com at 2025-05-23 23:27:43
[MAIL SUCCESS] Sent to loraalexander916@gmail.com at 2025-05-23 23:27:47
[MAIL SUCCESS] Sent to loraalexander916@gmail.com at 2025-05-23 23:27:50
[MAIL SUCCESS] Sent to loraalexander916@gmail.com at 2025-05-23 23:27:54
[MAIL SUCCESS] Sent to loraalexander916@gmail.com at 2025-05-23 23:27:57
[MAIL SUCCESS] Sent to loraalexander916@gmail.com at 2025-05-23 23:28:00
[MAIL SUCCESS] Sent to loraalexander916@gmail.com at 2025-05-23 23:28:04
[MAIL SUCCESS] Sent to loraalexander916@gmail.com at 2025-05-26 05:21:55
[MAIL SUCCESS] Sent to loraalexander916@gmail.com at 2025-05-27 14:40:09
[MAIL SUCCESS] Sent to kennethsmith824@gmail.com at 2025-05-27 16:44:39
[PLAID ERROR] null
[PLAID ERROR] null
[PLAID ERROR] null
[PLAID ERROR] null
[PLAID ERROR] null
[PLAID ERROR] null
[PLAID ERROR] null
[MAIL SUCCESS] Sent to firstchoice.xavier@gmail.com at 2025-05-28 17:54:03
[MAIL SUCCESS] Sent to firstchouce.xavier@gmail.com at 2025-05-28 18:07:37
[MAIL SUCCESS] Sent to firstchoice.xavier@gmail.com at 2025-05-28 18:09:23
[MAIL SUCCESS] Sent to bullerjoanie@yahoo.com at 2025-05-28 18:40:18
[MAIL SUCCESS] Sent to heraisha38@gmail.com at 2025-05-29 22:30:56
[MAIL SUCCESS] Sent to heraisha38@gmail.com at 2025-05-29 22:31:00
[MAIL SUCCESS] Sent to heraisha38@gmail.com at 2025-05-29 22:31:03
[MAIL SUCCESS] Sent to heraisha38@gmail.com at 2025-05-29 22:31:08
[MAIL SUCCESS] Sent to heraisha38@gmail.com at 2025-05-29 22:31:12
[MAIL SUCCESS] Sent to heraisha38@gmail.com at 2025-05-29 22:31:15
[MAIL SUCCESS] Sent to heraisha38@gmail.com at 2025-05-29 22:31:19
[MAIL SUCCESS] Sent to ddandridge82@gmail.com at 2025-05-30 21:14:17
[PLAID ERROR] {"unixtime":1748643101,"error":true,"message":"Error - Error intaking user.","info":{"body":"{\n  \"display_message\": null,\n  \"error_code\": \"INVALID_FIELD\",\n  \"error_message\": \"user.date_of_birth must be a date after 1850 and not in the future.\",\n  \"error_type\": \"INVALID_REQUEST\",\n  \"request_id\": \"FbacxvQ7ZGWq0hd\",\n  \"suggested_action\": null\n}","code":400}}
[PLAID ERROR] {"unixtime":1748643300,"error":true,"message":"Error - Error intaking user.","info":{"body":"{\n  \"display_message\": null,\n  \"error_code\": \"INVALID_FIELD\",\n  \"error_message\": \"user.date_of_birth must be a date after 1850 and not in the future.\",\n  \"error_type\": \"INVALID_REQUEST\",\n  \"request_id\": \"m7Fke3KLH3vG7Os\",\n  \"suggested_action\": null\n}","code":400}}
[MAIL SUCCESS] Sent to biorhythm8@gmail.com at 2025-05-30 22:23:23
[MAIL SUCCESS] Sent to biorhythm8@gmail.com at 2025-05-30 22:28:38
[MAIL SUCCESS] Sent to biorhythm8@gmail.com at 2025-05-30 22:33:46
[MAIL SUCCESS] Sent to heraisha38@gmail.com at 2025-06-02 18:19:00
[MAIL SUCCESS] Sent to dekeshias1@hotmail.com at 2025-06-02 20:41:47
[MAIL SUCCESS] Sent to lorraine_d52@yahoo.com at 2025-06-03 18:35:55
[MAIL SUCCESS] Sent to canivent3344@gmail.com at 2025-06-03 22:25:30
[MAIL SUCCESS] Sent to canivent3344@gmail.com at 2025-06-03 22:25:35
[MAIL SUCCESS] Sent to canivent3344@gmail.com at 2025-06-03 22:36:43
[MAIL SUCCESS] Sent to canivent3344@gmail.com at 2025-06-03 22:36:46
[PLAID ERROR] {"unixtime":1749053683,"error":true,"message":"Error - Error intaking user.","info":{"body":"{\n  \"display_message\": null,\n  \"error_code\": \"INVALID_FIELD\",\n  \"error_message\": \"user.phone_number must be a valid phone number.\",\n  \"error_type\": \"INVALID_REQUEST\",\n  \"request_id\": \"01td87SFnGVBteS\",\n  \"suggested_action\": null\n}","code":400}}
[MAIL SUCCESS] Sent to biorhythm8@gmail.com at 2025-06-04 16:17:17
